{"C:\\Users\\Ursula\\Desktop\\ecommerceFMT\\ecommerceFMT\\src\\components\\BadgeCart\\BadgeCart.jsx": {"path":"C:\\Users\\Ursula\\Desktop\\ecommerceFMT\\ecommerceFMT\\src\\components\\BadgeCart\\BadgeCart.jsx","statementMap":{"0":{"start":{"line":5,"column":25},"end":{"line":8,"column":1}},"1":{"start":{"line":6,"column":19},"end":{"line":6,"column":34}},"2":{"start":{"line":7,"column":2},"end":{"line":7,"column":53}}},"fnMap":{"0":{"name":"(anonymous_0)","decl":{"start":{"line":5,"column":25},"end":{"line":5,"column":26}},"loc":{"start":{"line":5,"column":31},"end":{"line":8,"column":1}},"line":5}},"branchMap":{},"s":{"0":1,"1":5,"2":0},"f":{"0":5},"b":{},"_coverageSchema":"1a1c01bbd47fc00a2c39e90264f33305004495a9","hash":"5794a5368086d2c59735a03d785bf92db3d9d9cf"}
,"C:\\Users\\Ursula\\Desktop\\ecommerceFMT\\ecommerceFMT\\src\\components\\BadgeCart\\index.js": {"path":"C:\\Users\\Ursula\\Desktop\\ecommerceFMT\\ecommerceFMT\\src\\components\\BadgeCart\\index.js","statementMap":{},"fnMap":{},"branchMap":{},"s":{},"f":{},"b":{},"_coverageSchema":"1a1c01bbd47fc00a2c39e90264f33305004495a9","hash":"4dfbe8e7eedfddf9a4a818de0710e048d7cc3756"}
,"C:\\Users\\Ursula\\Desktop\\ecommerceFMT\\ecommerceFMT\\src\\components\\ButtonDefault\\ButtonDefault.jsx": {"path":"C:\\Users\\Ursula\\Desktop\\ecommerceFMT\\ecommerceFMT\\src\\components\\ButtonDefault\\ButtonDefault.jsx","statementMap":{"0":{"start":{"line":4,"column":29},"end":{"line":10,"column":1}},"1":{"start":{"line":5,"column":2},"end":{"line":9,"column":4}}},"fnMap":{"0":{"name":"(anonymous_0)","decl":{"start":{"line":4,"column":29},"end":{"line":4,"column":30}},"loc":{"start":{"line":4,"column":64},"end":{"line":10,"column":1}},"line":4}},"branchMap":{},"s":{"0":1,"1":1},"f":{"0":1},"b":{},"_coverageSchema":"1a1c01bbd47fc00a2c39e90264f33305004495a9","hash":"d8939c6219cfd1ea1d95f10b78c5047113e089fe"}
,"C:\\Users\\Ursula\\Desktop\\ecommerceFMT\\ecommerceFMT\\src\\components\\CardContactSubmit\\CardContactSubmit.jsx": {"path":"C:\\Users\\Ursula\\Desktop\\ecommerceFMT\\ecommerceFMT\\src\\components\\CardContactSubmit\\CardContactSubmit.jsx","statementMap":{"0":{"start":{"line":6,"column":33},"end":{"line":31,"column":1}},"1":{"start":{"line":7,"column":2},"end":{"line":30,"column":4}}},"fnMap":{"0":{"name":"(anonymous_0)","decl":{"start":{"line":6,"column":33},"end":{"line":6,"column":34}},"loc":{"start":{"line":6,"column":78},"end":{"line":31,"column":1}},"line":6}},"branchMap":{},"s":{"0":3,"1":1},"f":{"0":1},"b":{},"_coverageSchema":"1a1c01bbd47fc00a2c39e90264f33305004495a9","hash":"254e15177236108a5b94083f97b377537e03f16d"}
,"C:\\Users\\Ursula\\Desktop\\ecommerceFMT\\ecommerceFMT\\src\\components\\CardContactSubmit\\index.js": {"path":"C:\\Users\\Ursula\\Desktop\\ecommerceFMT\\ecommerceFMT\\src\\components\\CardContactSubmit\\index.js","statementMap":{},"fnMap":{},"branchMap":{},"s":{},"f":{},"b":{},"_coverageSchema":"1a1c01bbd47fc00a2c39e90264f33305004495a9","hash":"a079a242b0b0c3a83ad15e4ce14cc3fae66ab71e"}
,"C:\\Users\\Ursula\\Desktop\\ecommerceFMT\\ecommerceFMT\\src\\components\\Footer\\Footer.jsx": {"path":"C:\\Users\\Ursula\\Desktop\\ecommerceFMT\\ecommerceFMT\\src\\components\\Footer\\Footer.jsx","statementMap":{"0":{"start":{"line":12,"column":22},"end":{"line":88,"column":1}},"1":{"start":{"line":13,"column":2},"end":{"line":87,"column":11}}},"fnMap":{"0":{"name":"(anonymous_0)","decl":{"start":{"line":12,"column":22},"end":{"line":12,"column":23}},"loc":{"start":{"line":13,"column":2},"end":{"line":87,"column":11}},"line":13}},"branchMap":{},"s":{"0":1,"1":1},"f":{"0":1},"b":{},"_coverageSchema":"1a1c01bbd47fc00a2c39e90264f33305004495a9","hash":"e7d41715bab38fb9c5470b6207f098286e070011"}
,"C:\\Users\\Ursula\\Desktop\\ecommerceFMT\\ecommerceFMT\\src\\components\\FormContact\\FormContact.jsx": {"path":"C:\\Users\\Ursula\\Desktop\\ecommerceFMT\\ecommerceFMT\\src\\components\\FormContact\\FormContact.jsx","statementMap":{"0":{"start":{"line":6,"column":27},"end":{"line":90,"column":1}},"1":{"start":{"line":7,"column":40},"end":{"line":7,"column":55}},"2":{"start":{"line":8,"column":34},"end":{"line":13,"column":4}},"3":{"start":{"line":15,"column":23},"end":{"line":18,"column":3}},"4":{"start":{"line":16,"column":4},"end":{"line":16,"column":23}},"5":{"start":{"line":17,"column":4},"end":{"line":17,"column":25}},"6":{"start":{"line":20,"column":23},"end":{"line":22,"column":3}},"7":{"start":{"line":21,"column":4},"end":{"line":21,"column":66}},"8":{"start":{"line":24,"column":2},"end":{"line":89,"column":4}}},"fnMap":{"0":{"name":"(anonymous_0)","decl":{"start":{"line":6,"column":27},"end":{"line":6,"column":28}},"loc":{"start":{"line":6,"column":33},"end":{"line":90,"column":1}},"line":6},"1":{"name":"(anonymous_1)","decl":{"start":{"line":15,"column":23},"end":{"line":15,"column":24}},"loc":{"start":{"line":15,"column":30},"end":{"line":18,"column":3}},"line":15},"2":{"name":"(anonymous_2)","decl":{"start":{"line":20,"column":23},"end":{"line":20,"column":24}},"loc":{"start":{"line":20,"column":30},"end":{"line":22,"column":3}},"line":20}},"branchMap":{"0":{"loc":{"start":{"line":27,"column":7},"end":{"line":87,"column":7}},"type":"cond-expr","locations":[{"start":{"line":28,"column":8},"end":{"line":32,"column":11}},{"start":{"line":34,"column":8},"end":{"line":86,"column":15}}],"line":27}},"s":{"0":2,"1":5,"2":5,"3":5,"4":0,"5":0,"6":5,"7":3,"8":5},"f":{"0":5,"1":0,"2":3},"b":{"0":[0,5]},"_coverageSchema":"1a1c01bbd47fc00a2c39e90264f33305004495a9","hash":"d41dba04d0b9e3f43861fdf6425eaa7402b77e04"}
,"C:\\Users\\Ursula\\Desktop\\ecommerceFMT\\ecommerceFMT\\src\\components\\FormContact\\index.js": {"path":"C:\\Users\\Ursula\\Desktop\\ecommerceFMT\\ecommerceFMT\\src\\components\\FormContact\\index.js","statementMap":{},"fnMap":{},"branchMap":{},"s":{},"f":{},"b":{},"_coverageSchema":"1a1c01bbd47fc00a2c39e90264f33305004495a9","hash":"5afa01fe2d0205dfdb4807bd78750cd34b805d06"}
,"C:\\Users\\Ursula\\Desktop\\ecommerceFMT\\ecommerceFMT\\src\\components\\Header\\Header.jsx": {"path":"C:\\Users\\Ursula\\Desktop\\ecommerceFMT\\ecommerceFMT\\src\\components\\Header\\Header.jsx","statementMap":{"0":{"start":{"line":7,"column":22},"end":{"line":40,"column":1}},"1":{"start":{"line":8,"column":2},"end":{"line":39,"column":4}}},"fnMap":{"0":{"name":"(anonymous_0)","decl":{"start":{"line":7,"column":22},"end":{"line":7,"column":23}},"loc":{"start":{"line":7,"column":28},"end":{"line":40,"column":1}},"line":7}},"branchMap":{},"s":{"0":1,"1":3},"f":{"0":3},"b":{},"_coverageSchema":"1a1c01bbd47fc00a2c39e90264f33305004495a9","hash":"72c7bd0a0da9e5e16d31e8d781ff5e69bf33c99a"}
,"C:\\Users\\Ursula\\Desktop\\ecommerceFMT\\ecommerceFMT\\src\\components\\ProductCard\\ProductCard.component.jsx": {"path":"C:\\Users\\Ursula\\Desktop\\ecommerceFMT\\ecommerceFMT\\src\\components\\ProductCard\\ProductCard.component.jsx","statementMap":{"0":{"start":{"line":7,"column":36},"end":{"line":26,"column":1}},"1":{"start":{"line":8,"column":31},"end":{"line":8,"column":46}},"2":{"start":{"line":9,"column":19},"end":{"line":9,"column":32}},"3":{"start":{"line":10,"column":2},"end":{"line":25,"column":4}},"4":{"start":{"line":12,"column":24},"end":{"line":12,"column":58}},"5":{"start":{"line":16,"column":26},"end":{"line":16,"column":60}},"6":{"start":{"line":20,"column":49},"end":{"line":20,"column":77}}},"fnMap":{"0":{"name":"(anonymous_0)","decl":{"start":{"line":7,"column":36},"end":{"line":7,"column":37}},"loc":{"start":{"line":7,"column":53},"end":{"line":26,"column":1}},"line":7},"1":{"name":"(anonymous_1)","decl":{"start":{"line":12,"column":18},"end":{"line":12,"column":19}},"loc":{"start":{"line":12,"column":24},"end":{"line":12,"column":58}},"line":12},"2":{"name":"(anonymous_2)","decl":{"start":{"line":16,"column":20},"end":{"line":16,"column":21}},"loc":{"start":{"line":16,"column":26},"end":{"line":16,"column":60}},"line":16},"3":{"name":"(anonymous_3)","decl":{"start":{"line":20,"column":43},"end":{"line":20,"column":44}},"loc":{"start":{"line":20,"column":49},"end":{"line":20,"column":77}},"line":20}},"branchMap":{},"s":{"0":2,"1":4,"2":0,"3":0,"4":0,"5":0,"6":0},"f":{"0":4,"1":0,"2":0,"3":0},"b":{},"_coverageSchema":"1a1c01bbd47fc00a2c39e90264f33305004495a9","hash":"fbcb9f8fb686ca2dd07ee22654e34610f7b2c620"}
,"C:\\Users\\Ursula\\Desktop\\ecommerceFMT\\ecommerceFMT\\src\\components\\Search\\Search.jsx": {"path":"C:\\Users\\Ursula\\Desktop\\ecommerceFMT\\ecommerceFMT\\src\\components\\Search\\Search.jsx","statementMap":{"0":{"start":{"line":7,"column":34},"end":{"line":7,"column":49}},"1":{"start":{"line":9,"column":23},"end":{"line":19,"column":3}},"2":{"start":{"line":10,"column":4},"end":{"line":12,"column":5}},"3":{"start":{"line":11,"column":6},"end":{"line":11,"column":30}},"4":{"start":{"line":14,"column":19},"end":{"line":17,"column":6}},"5":{"start":{"line":15,"column":19},"end":{"line":15,"column":45}},"6":{"start":{"line":16,"column":6},"end":{"line":16,"column":56}},"7":{"start":{"line":18,"column":4},"end":{"line":18,"column":23}},"8":{"start":{"line":21,"column":23},"end":{"line":23,"column":3}},"9":{"start":{"line":22,"column":4},"end":{"line":22,"column":23}},"10":{"start":{"line":25,"column":2},"end":{"line":42,"column":4}},"11":{"start":{"line":38,"column":12},"end":{"line":38,"column":50}}},"fnMap":{"0":{"name":"Search","decl":{"start":{"line":6,"column":9},"end":{"line":6,"column":15}},"loc":{"start":{"line":6,"column":18},"end":{"line":43,"column":1}},"line":6},"1":{"name":"(anonymous_1)","decl":{"start":{"line":9,"column":23},"end":{"line":9,"column":24}},"loc":{"start":{"line":9,"column":30},"end":{"line":19,"column":3}},"line":9},"2":{"name":"(anonymous_2)","decl":{"start":{"line":14,"column":35},"end":{"line":14,"column":36}},"loc":{"start":{"line":14,"column":48},"end":{"line":17,"column":5}},"line":14},"3":{"name":"(anonymous_3)","decl":{"start":{"line":21,"column":23},"end":{"line":21,"column":24}},"loc":{"start":{"line":21,"column":30},"end":{"line":23,"column":3}},"line":21},"4":{"name":"(anonymous_4)","decl":{"start":{"line":37,"column":24},"end":{"line":37,"column":25}},"loc":{"start":{"line":38,"column":12},"end":{"line":38,"column":50}},"line":38}},"branchMap":{"0":{"loc":{"start":{"line":10,"column":4},"end":{"line":12,"column":5}},"type":"if","locations":[{"start":{"line":10,"column":4},"end":{"line":12,"column":5}},{"start":{},"end":{}}],"line":10}},"s":{"0":6,"1":1,"2":0,"3":0,"4":0,"5":0,"6":0,"7":0,"8":1,"9":0,"10":1,"11":0},"f":{"0":6,"1":0,"2":0,"3":0,"4":0},"b":{"0":[0,0]},"_coverageSchema":"1a1c01bbd47fc00a2c39e90264f33305004495a9","hash":"1afa3b6e5f7823ae04bdd692a00b19816823828c"}
,"C:\\Users\\Ursula\\Desktop\\ecommerceFMT\\ecommerceFMT\\src\\components\\TotalCart\\TotalCart.jsx": {"path":"C:\\Users\\Ursula\\Desktop\\ecommerceFMT\\ecommerceFMT\\src\\components\\TotalCart\\TotalCart.jsx","statementMap":{"0":{"start":{"line":6,"column":18},"end":{"line":28,"column":1}},"1":{"start":{"line":7,"column":2},"end":{"line":27,"column":4}}},"fnMap":{"0":{"name":"(anonymous_0)","decl":{"start":{"line":6,"column":18},"end":{"line":6,"column":19}},"loc":{"start":{"line":6,"column":33},"end":{"line":28,"column":1}},"line":6}},"branchMap":{},"s":{"0":1,"1":1},"f":{"0":1},"b":{},"_coverageSchema":"1a1c01bbd47fc00a2c39e90264f33305004495a9","hash":"28330aee0c07a2c2cf435a376491ee626aaa2fb6"}
,"C:\\Users\\Ursula\\Desktop\\ecommerceFMT\\ecommerceFMT\\src\\context\\Context.jsx": {"path":"C:\\Users\\Ursula\\Desktop\\ecommerceFMT\\ecommerceFMT\\src\\context\\Context.jsx","statementMap":{"0":{"start":{"line":4,"column":26},"end":{"line":4,"column":41}},"1":{"start":{"line":6,"column":34},"end":{"line":54,"column":1}},"2":{"start":{"line":7,"column":34},"end":{"line":7,"column":48}},"3":{"start":{"line":8,"column":26},"end":{"line":8,"column":38}},"4":{"start":{"line":9,"column":28},"end":{"line":9,"column":39}},"5":{"start":{"line":11,"column":20},"end":{"line":16,"column":3}},"6":{"start":{"line":12,"column":18},"end":{"line":14,"column":9}},"7":{"start":{"line":13,"column":6},"end":{"line":13,"column":49}},"8":{"start":{"line":15,"column":4},"end":{"line":15,"column":20}},"9":{"start":{"line":18,"column":27},"end":{"line":32,"column":3}},"10":{"start":{"line":19,"column":22},"end":{"line":19,"column":58}},"11":{"start":{"line":19,"column":43},"end":{"line":19,"column":57}},"12":{"start":{"line":20,"column":4},"end":{"line":31,"column":5}},"13":{"start":{"line":21,"column":19},"end":{"line":21,"column":66}},"14":{"start":{"line":21,"column":48},"end":{"line":21,"column":65}},"15":{"start":{"line":22,"column":6},"end":{"line":22,"column":30}},"16":{"start":{"line":23,"column":23},"end":{"line":23,"column":37}},"17":{"start":{"line":24,"column":6},"end":{"line":24,"column":35}},"18":{"start":{"line":26,"column":6},"end":{"line":30,"column":8}},"19":{"start":{"line":28,"column":10},"end":{"line":28,"column":78}},"20":{"start":{"line":34,"column":2},"end":{"line":36,"column":13}},"21":{"start":{"line":35,"column":4},"end":{"line":35,"column":16}},"22":{"start":{"line":38,"column":2},"end":{"line":53,"column":4}},"23":{"start":{"line":56,"column":29},"end":{"line":58,"column":1}},"24":{"start":{"line":57,"column":2},"end":{"line":57,"column":32}}},"fnMap":{"0":{"name":"(anonymous_0)","decl":{"start":{"line":6,"column":34},"end":{"line":6,"column":35}},"loc":{"start":{"line":6,"column":52},"end":{"line":54,"column":1}},"line":6},"1":{"name":"(anonymous_1)","decl":{"start":{"line":11,"column":20},"end":{"line":11,"column":21}},"loc":{"start":{"line":11,"column":26},"end":{"line":16,"column":3}},"line":11},"2":{"name":"(anonymous_2)","decl":{"start":{"line":12,"column":30},"end":{"line":12,"column":31}},"loc":{"start":{"line":12,"column":46},"end":{"line":14,"column":5}},"line":12},"3":{"name":"(anonymous_3)","decl":{"start":{"line":18,"column":27},"end":{"line":18,"column":28}},"loc":{"start":{"line":18,"column":35},"end":{"line":32,"column":3}},"line":18},"4":{"name":"(anonymous_4)","decl":{"start":{"line":19,"column":33},"end":{"line":19,"column":34}},"loc":{"start":{"line":19,"column":43},"end":{"line":19,"column":57}},"line":19},"5":{"name":"(anonymous_5)","decl":{"start":{"line":21,"column":35},"end":{"line":21,"column":36}},"loc":{"start":{"line":21,"column":48},"end":{"line":21,"column":65}},"line":21},"6":{"name":"(anonymous_6)","decl":{"start":{"line":27,"column":17},"end":{"line":27,"column":18}},"loc":{"start":{"line":28,"column":10},"end":{"line":28,"column":78}},"line":28},"7":{"name":"(anonymous_7)","decl":{"start":{"line":34,"column":12},"end":{"line":34,"column":13}},"loc":{"start":{"line":34,"column":18},"end":{"line":36,"column":3}},"line":34},"8":{"name":"(anonymous_8)","decl":{"start":{"line":56,"column":29},"end":{"line":56,"column":30}},"loc":{"start":{"line":56,"column":35},"end":{"line":58,"column":1}},"line":56}},"branchMap":{"0":{"loc":{"start":{"line":20,"column":4},"end":{"line":31,"column":5}},"type":"if","locations":[{"start":{"line":20,"column":4},"end":{"line":31,"column":5}},{"start":{"line":25,"column":11},"end":{"line":31,"column":5}}],"line":20},"1":{"loc":{"start":{"line":28,"column":10},"end":{"line":28,"column":78}},"type":"cond-expr","locations":[{"start":{"line":28,"column":27},"end":{"line":28,"column":71}},{"start":{"line":28,"column":74},"end":{"line":28,"column":78}}],"line":28}},"s":{"0":5,"1":5,"2":0,"3":0,"4":0,"5":0,"6":0,"7":0,"8":0,"9":0,"10":0,"11":0,"12":0,"13":0,"14":0,"15":0,"16":0,"17":0,"18":0,"19":0,"20":0,"21":0,"22":0,"23":5,"24":20},"f":{"0":0,"1":0,"2":0,"3":0,"4":0,"5":0,"6":0,"7":0,"8":20},"b":{"0":[0,0],"1":[0,0]},"_coverageSchema":"1a1c01bbd47fc00a2c39e90264f33305004495a9","hash":"d299c640712aea06341488b870fb5bd95a58b8d9"}
,"C:\\Users\\Ursula\\Desktop\\ecommerceFMT\\ecommerceFMT\\src\\pages\\Homepage\\Homepage.jsx": {"path":"C:\\Users\\Ursula\\Desktop\\ecommerceFMT\\ecommerceFMT\\src\\pages\\Homepage\\Homepage.jsx","statementMap":{"0":{"start":{"line":7,"column":24},"end":{"line":19,"column":1}},"1":{"start":{"line":8,"column":23},"end":{"line":8,"column":38}},"2":{"start":{"line":10,"column":2},"end":{"line":18,"column":4}},"3":{"start":{"line":15,"column":33},"end":{"line":15,"column":121}}},"fnMap":{"0":{"name":"(anonymous_0)","decl":{"start":{"line":7,"column":24},"end":{"line":7,"column":25}},"loc":{"start":{"line":7,"column":30},"end":{"line":19,"column":1}},"line":7},"1":{"name":"(anonymous_1)","decl":{"start":{"line":15,"column":22},"end":{"line":15,"column":23}},"loc":{"start":{"line":15,"column":33},"end":{"line":15,"column":121}},"line":15}},"branchMap":{},"s":{"0":1,"1":1,"2":1,"3":0},"f":{"0":1,"1":0},"b":{},"_coverageSchema":"1a1c01bbd47fc00a2c39e90264f33305004495a9","hash":"c8f41fb440be183c373d15b554aa83cc7922a59a"}
,"C:\\Users\\Ursula\\Desktop\\ecommerceFMT\\ecommerceFMT\\src\\pages\\NotFoundPage\\NotFoundPage.jsx": {"path":"C:\\Users\\Ursula\\Desktop\\ecommerceFMT\\ecommerceFMT\\src\\pages\\NotFoundPage\\NotFoundPage.jsx","statementMap":{"0":{"start":{"line":4,"column":28},"end":{"line":11,"column":1}},"1":{"start":{"line":5,"column":2},"end":{"line":10,"column":4}}},"fnMap":{"0":{"name":"(anonymous_0)","decl":{"start":{"line":4,"column":28},"end":{"line":4,"column":29}},"loc":{"start":{"line":4,"column":34},"end":{"line":11,"column":1}},"line":4}},"branchMap":{},"s":{"0":1,"1":1},"f":{"0":1},"b":{},"_coverageSchema":"1a1c01bbd47fc00a2c39e90264f33305004495a9","hash":"5137f4b2c768a3ec5e61373308b8f51447cc3b45"}
,"C:\\Users\\Ursula\\Desktop\\ecommerceFMT\\ecommerceFMT\\src\\pages\\ProductPage\\Product.page.jsx": {"path":"C:\\Users\\Ursula\\Desktop\\ecommerceFMT\\ecommerceFMT\\src\\pages\\ProductPage\\Product.page.jsx","statementMap":{"0":{"start":{"line":10,"column":27},"end":{"line":58,"column":1}},"1":{"start":{"line":11,"column":17},"end":{"line":11,"column":28}},"2":{"start":{"line":12,"column":41},"end":{"line":12,"column":56}},"3":{"start":{"line":14,"column":20},"end":{"line":14,"column":30}},"4":{"start":{"line":16,"column":18},"end":{"line":16,"column":72}},"5":{"start":{"line":16,"column":47},"end":{"line":16,"column":71}},"6":{"start":{"line":18,"column":15},"end":{"line":18,"column":47}},"7":{"start":{"line":20,"column":2},"end":{"line":57,"column":4}},"8":{"start":{"line":40,"column":31},"end":{"line":40,"column":62}}},"fnMap":{"0":{"name":"(anonymous_0)","decl":{"start":{"line":10,"column":27},"end":{"line":10,"column":28}},"loc":{"start":{"line":10,"column":33},"end":{"line":58,"column":1}},"line":10},"1":{"name":"(anonymous_1)","decl":{"start":{"line":16,"column":34},"end":{"line":16,"column":35}},"loc":{"start":{"line":16,"column":47},"end":{"line":16,"column":71}},"line":16},"2":{"name":"(anonymous_2)","decl":{"start":{"line":40,"column":25},"end":{"line":40,"column":26}},"loc":{"start":{"line":40,"column":31},"end":{"line":40,"column":62}},"line":40}},"branchMap":{},"s":{"0":1,"1":5,"2":4,"3":4,"4":4,"5":0,"6":4,"7":4,"8":0},"f":{"0":5,"1":0,"2":0},"b":{},"_coverageSchema":"1a1c01bbd47fc00a2c39e90264f33305004495a9","hash":"417004f9b0432580ddae322062d72cdf833b37fc"}
,"C:\\Users\\Ursula\\Desktop\\ecommerceFMT\\ecommerceFMT\\src\\utils\\formatCurrency.js": {"path":"C:\\Users\\Ursula\\Desktop\\ecommerceFMT\\ecommerceFMT\\src\\utils\\formatCurrency.js","statementMap":{"0":{"start":{"line":1,"column":30},"end":{"line":6,"column":1}},"1":{"start":{"line":2,"column":2},"end":{"line":5,"column":5}}},"fnMap":{"0":{"name":"(anonymous_0)","decl":{"start":{"line":1,"column":30},"end":{"line":1,"column":31}},"loc":{"start":{"line":1,"column":41},"end":{"line":6,"column":1}},"line":1}},"branchMap":{},"s":{"0":4,"1":1},"f":{"0":1},"b":{},"_coverageSchema":"1a1c01bbd47fc00a2c39e90264f33305004495a9","hash":"ac5d61c9256989aa126787a1b5fbb82a55d7def9"}
}
